<?xml version="1.0" encoding="UTF-8"?>
<!-- Generated by org.testng.reporters.JUnitXMLReporter -->
<testsuite ignored="0" hostname="HYDMBCP0911" failures="0" tests="3" name="Submit Order test" time="46.854" errors="0" timestamp="2024-10-07T20:34:49 IST">
  <testcase classname="Selenium.Tests.SubmitOrderTest" name="submitOrder" time="7.614"/>
  <testcase classname="Selenium.Tests.SubmitOrderTest" name="submitOrder" time="19.091"/>
  <testcase classname="Selenium.Tests.SubmitOrderTest" name="VerifyOrder" time="1.189"/>
</testsuite> <!-- Submit Order test -->
