<?xml version="1.0" encoding="UTF-8"?>
<!-- Generated by org.testng.reporters.JUnitXMLReporter -->
<testsuite ignored="1" hostname="HYDMBCP0911" failures="0" tests="2" name="Submit Order test" time="47.897" errors="0" timestamp="2024-10-08T15:38:11 IST">
  <testcase classname="Selenium.Tests.SubmitOrderTest" name="submitOrder" time="19.436"/>
  <testcase classname="Selenium.Tests.SubmitOrderTest" name="submitOrder" time="18.874"/>
  <testcase classname="Selenium.Tests.SubmitOrderTest" name="VerifyOrder" time="0.0">
    <ignored/>
  </testcase> <!-- VerifyOrder -->
</testsuite> <!-- Submit Order test -->
